build/app/outputs/mapping/release/mapping.txt
# compiler: R8
# compiler_version: 2.1.62
# min_api: 16
# pg_map_id: 70e1cb2
# common_typos_disable
...
io.flutter.embedding.android.FlutterSurfaceView$1 -> io.flutter.embedding.android.i$a:
    io.flutter.embedding.android.FlutterSurfaceView this$0 -> a
io.flutter.embedding.android.FlutterSurfaceView$2 -> io.flutter.embedding.android.i$b:
    io.flutter.embedding.android.FlutterSurfaceView this$0 -> a
    void onFlutterUiDisplayed() -> c
    void onFlutterUiNoLongerDisplayed() -> e
io.flutter.embedding.android.FlutterTextureView -> io.flutter.embedding.android.j:
    io.flutter.embedding.engine.renderer.FlutterRenderer flutterRenderer -> c
    android.view.TextureView$SurfaceTextureListener surfaceTextureListener -> e
    android.view.Surface renderSurface -> d
    boolean isSurfaceAvailableForRendering -> a
    boolean isAttachedToFlutterRenderer -> b
    void attachToRenderer(io.flutter.embedding.engine.renderer.FlutterRenderer) -> a
    void pause() -> b
    void detachFromRenderer() -> c
    boolean access$002(io.flutter.embedding.android.FlutterTextureView,boolean) -> d
    boolean access$100(io.flutter.embedding.android.FlutterTextureView) -> e
    void access$200(io.flutter.embedding.android.FlutterTextureView) -> f
    void access$300(io.flutter.embedding.android.FlutterTextureView,int,int) -> g
    void access$400(io.flutter.embedding.android.FlutterTextureView) -> h
    void changeSurfaceSize(int,int) -> i
    void connectSurfaceToRenderer() -> j
    void disconnectSurfaceFromRenderer() -> k
    void init() -> l
io.flutter.embedding.android.FlutterTextureView$1 -> io.flutter.embedding.android.j$a:
    io.flutter.embedding.android.FlutterTextureView this$0 -> a
io.flutter.embedding.android.FlutterView -> io.flutter.embedding.android.k:
    io.flutter.embedding.engine.FlutterEngine flutterEngine -> h
    io.flutter.embedding.android.FlutterTextureView flutterTextureView -> b
    io.flutter.plugin.mouse.MouseCursorPlugin mouseCursorPlugin -> j
    io.flutter.embedding.engine.renderer.FlutterRenderer$ViewportMetrics viewportMetrics -> p
    io.flutter.embedding.android.FlutterSurfaceView flutterSurfaceView -> a
    java.util.Set flutterEngineAttachmentListeners -> i
    io.flutter.view.AccessibilityBridge$OnAccessibilityChangeListener onAccessibilityChangeListener -> q
    io.flutter.embedding.android.AndroidTouchProcessor androidTouchProcessor -> n
    io.flutter.view.AccessibilityBridge accessibilityBridge -> o
    io.flutter.embedding.engine.renderer.RenderSurface renderSurface -> d
    io.flutter.plugin.editing.TextInputPlugin textInputPlugin -> k
    io.flutter.embedding.engine.renderer.RenderSurface previousRenderSurface -> e
    java.util.Set flutterUiDisplayListeners -> f
    io.flutter.embedding.android.FlutterImageView flutterImageView -> c
    boolean isFlutterUiDisplayed -> g
    io.flutter.plugin.localization.LocalizationPlugin localizationPlugin -> l
    io.flutter.embedding.android.AndroidKeyProcessor androidKeyProcessor -> m
    io.flutter.embedding.engine.renderer.FlutterUiDisplayListener flutterUiDisplayListener -> r
    android.view.PointerIcon getSystemPointerIcon(int) -> a
io.flutter.embedding.android.FlutterView$1 -> io.flutter.embedding.android.k$a:
    io.flutter.embedding.android.FlutterView this$0 -> a
    void onAccessibilityChanged(boolean,boolean) -> a
io.flutter.embedding.android.FlutterView$2 -> io.flutter.embedding.android.k$b:
    io.flutter.embedding.android.FlutterView this$0 -> a
    void onFlutterUiDisplayed() -> c
    void onFlutterUiNoLongerDisplayed() -> e
io.flutter.embedding.android.FlutterView$3 -> io.flutter.embedding.android.k$c:
    java.lang.Runnable val$onDone -> b
    io.flutter.embedding.engine.renderer.FlutterRenderer val$renderer -> a
    io.flutter.embedding.android.FlutterView this$0 -> c
    void onFlutterUiDisplayed() -> c
    void onFlutterUiNoLongerDisplayed() -> e